{"/home/ubuntu/joaquim-game/src/math.ts": {"path":"/home/ubuntu/joaquim-game/src/math.ts","statementMap":{"0":{"start":{"line":3,"column":11},"end":{"line":3,"column":23}},"1":{"start":{"line":4,"column":11},"end":{"line":4,"column":23}},"2":{"start":{"line":8,"column":4},"end":{"line":8,"column":null}},"3":{"start":{"line":9,"column":4},"end":{"line":9,"column":null}},"4":{"start":{"line":13,"column":4},"end":{"line":13,"column":null}},"5":{"start":{"line":14,"column":4},"end":{"line":14,"column":null}},"6":{"start":{"line":1,"column":0},"end":{"line":1,"column":13}}},"fnMap":{"0":{"name":"(anonymous_0)","decl":{"start":{"line":2,"column":2},"end":{"line":2,"column":null}},"loc":{"start":{"line":4,"column":24},"end":{"line":5,"column":6}}},"1":{"name":"(anonymous_1)","decl":{"start":{"line":7,"column":2},"end":{"line":7,"column":5}},"loc":{"start":{"line":7,"column":20},"end":{"line":10,"column":3}}},"2":{"name":"(anonymous_2)","decl":{"start":{"line":12,"column":2},"end":{"line":12,"column":10}},"loc":{"start":{"line":12,"column":25},"end":{"line":15,"column":3}}}},"branchMap":{"0":{"loc":{"start":{"line":3,"column":11},"end":{"line":3,"column":24}},"type":"default-arg","locations":[{"start":{"line":3,"column":23},"end":{"line":3,"column":24}}]},"1":{"loc":{"start":{"line":4,"column":11},"end":{"line":4,"column":24}},"type":"default-arg","locations":[{"start":{"line":4,"column":23},"end":{"line":4,"column":24}}]}},"s":{"0":4,"1":4,"2":1,"3":1,"4":1,"5":1,"6":1},"f":{"0":4,"1":1,"2":1},"b":{"0":[1],"1":[1]}}
}
